<?xml version="1.0" encoding="UTF-8"?>
<!-- Generated by org.testng.reporters.JUnitXMLReporter -->
<testsuite hostname="LAPTOP-60J7QEQ1" ignored="0" name="Surefire test" tests="2" failures="2" timestamp="2022-11-28T00:17:13 EST" time="0.029" errors="0">
  <testcase name="forgotPassWordStepsTest" time="0.0" classname="auto.AboutPagesTest">
    <failure type="org.testng.TestNGException" message="
Parameter &amp;apos;forgotPassWord&amp;apos; is required by @Test on method forgotPassWordStepsTest but has not been marked @Optional or defined
">
      <![CDATA[org.testng.TestNGException: 
Parameter 'forgotPassWord' is required by @Test on method forgotPassWordStepsTest but has not been marked @Optional or defined

at java.util.ArrayList.forEach(ArrayList.java:1259)
... Removed 31 stack frames]]>
    </failure>
  </testcase> <!-- forgotPassWordStepsTest -->
  <testcase name="logInSteapsTest" time="0.0" classname="auto.AutoTest">
    <failure type="org.testng.TestNGException" message="
Parameter &amp;apos;userId&amp;apos; is required by @Test on method logInSteapsTest but has not been marked @Optional or defined
">
      <![CDATA[org.testng.TestNGException: 
Parameter 'userId' is required by @Test on method logInSteapsTest but has not been marked @Optional or defined

at java.util.ArrayList.forEach(ArrayList.java:1259)
... Removed 31 stack frames]]>
    </failure>
  </testcase> <!-- logInSteapsTest -->
</testsuite> <!-- Surefire test -->
